[23:55:04] [REI-ReloadPlugins/ERROR] [REI] DefaultClientPluginImpl of DefaultClientPluginImpl [roughlyenoughitems] plugin failed to reloadable-plugin/DisplayRegistryImpl/!
java.lang.ClassCastException: class net.id.paradiselost.items.utils.IngredientUtil$$Lambda$59213/0x00000260874771f8 cannot be cast to class net.minecraft.world.item.crafting.Ingredient (net.id.paradiselost.items.utils.IngredientUtil$$Lambda$59213/0x00000260874771f8 is in module paradise_lost@2.2.4-beta1.20.0 of loader 'TRANSFORMER' @300b839c; net.minecraft.world.item.crafting.Ingredient is in module minecraft@1.20.1 of loader 'TRANSFORMER' @300b839c)
	at TRANSFORMER/paradise_lost@2.2.4-beta1.20.0/net.id.paradiselost.items.tools.ParadiseLostToolMaterials$ParadiseToolMaterial.m_6282_(ParadiseLostToolMaterials.java:65)
	at TRANSFORMER/roughlyenoughitems@12.1.785/me.shedaniel.rei.plugin.client.DefaultClientPlugin.registerDisplays(DefaultClientPlugin.java:400)
	at TRANSFORMER/roughlyenoughitems@12.1.785/me.shedaniel.rei.impl.client.registry.display.DisplayRegistryImpl.acceptPlugin(DisplayRegistryImpl.java:63)
	at TRANSFORMER/roughlyenoughitems@12.1.785/me.shedaniel.rei.impl.client.registry.display.DisplayRegistryImpl.acceptPlugin(DisplayRegistryImpl.java:53)
	at TRANSFORMER/roughlyenoughitems@12.1.785/me.shedaniel.rei.api.common.registry.Reloadable.acceptPlugin(Reloadable.java:78)
	at TRANSFORMER/roughlyenoughitems@12.1.785/me.shedaniel.rei.impl.common.plugins.PluginManagerImpl.lambda$reload$12(PluginManagerImpl.java:430)
	at TRANSFORMER/roughlyenoughitems@12.1.785/me.shedaniel.rei.impl.common.plugins.PluginManagerImpl.lambda$pluginSection$4(PluginManagerImpl.java:193)
	at TRANSFORMER/roughlyenoughitems@12.1.785/me.shedaniel.rei.impl.common.plugins.PluginManagerImpl.lambda$reload$13(PluginManagerImpl.java:420)
	at TRANSFORMER/roughlyenoughitems@12.1.785/me.shedaniel.rei.impl.common.plugins.PluginManagerImpl.pluginSection(PluginManagerImpl.java:191)
	at TRANSFORMER/roughlyenoughitems@12.1.785/me.shedaniel.rei.impl.common.plugins.PluginManagerImpl.reload(PluginManagerImpl.java:418)
	at TRANSFORMER/roughlyenoughitems@12.1.785/me.shedaniel.rei.api.common.plugins.PluginView$1.reload(PluginView.java:71)
	at TRANSFORMER/roughlyenoughitems@12.1.785/me.shedaniel.rei.impl.common.plugins.ReloadManagerImpl.reloadPlugins0(ReloadManagerImpl.java:155)
	at TRANSFORMER/roughlyenoughitems@12.1.785/me.shedaniel.rei.impl.common.plugins.ReloadManagerImpl.reloadPlugins0(ReloadManagerImpl.java:144)
	at TRANSFORMER/roughlyenoughitems@12.1.785/me.shedaniel.rei.impl.common.plugins.ReloadManagerImpl.lambda$reloadPlugins$7(ReloadManagerImpl.java:122)
	at java.base/java.util.concurrent.CompletableFuture$AsyncRun.run(Unknown Source)
	at java.base/java.util.concurrent.Executors$RunnableAdapter.call(Unknown Source)
	at java.base/java.util.concurrent.FutureTask.run(Unknown Source)
	at java.base/java.util.concurrent.ScheduledThreadPoolExecutor$ScheduledFutureTask.run(Unknown Source)
	at java.base/java.util.concurrent.ThreadPoolExecutor.runWorker(Unknown Source)
	at java.base/java.util.concurrent.ThreadPoolExecutor$Worker.run(Unknown Source)
	at java.base/java.lang.Thread.run(Unknown Source)
[23:55:04] [REI-ReloadPlugins/ERROR] [REI] JEI Plugin [YungsCaveBiomesJEIPluginForge:yungscavebiomes:jei_plugin] of REI Plugin Compatibilities Adapter [rei_plugin_compatibilities, jei] plugin failed to reloadable-plugin/DisplayRegistryImpl/!
java.lang.NoSuchMethodError: 'mezz.jei.api.recipe.vanilla.IJeiBrewingRecipe mezz.jei.api.recipe.vanilla.IVanillaRecipeFactory.createBrewingRecipe(java.util.List, net.minecraft.world.item.ItemStack, net.minecraft.world.item.ItemStack, net.minecraft.resources.ResourceLocation)'
	at TRANSFORMER/yungscavebiomes@1.20.1-Forge-2.0.5/com.yungnickyoung.minecraft.yungscavebiomes.modcompat.YungsCaveBiomesJEIPluginForge.registerRecipes(YungsCaveBiomesJEIPluginForge.java:36)
	at TRANSFORMER/rei_plugin_compatibilities@12.0.93/me.shedaniel.rei.jeicompat.JEIPluginDetector$JEIPluginWrapper.registerDisplays(JEIPluginDetector.java:558)
	at TRANSFORMER/roughlyenoughitems@12.1.785/me.shedaniel.rei.impl.client.registry.display.DisplayRegistryImpl.acceptPlugin(DisplayRegistryImpl.java:63)
	at TRANSFORMER/roughlyenoughitems@12.1.785/me.shedaniel.rei.impl.client.registry.display.DisplayRegistryImpl.acceptPlugin(DisplayRegistryImpl.java:53)
	at TRANSFORMER/roughlyenoughitems@12.1.785/me.shedaniel.rei.api.common.registry.Reloadable.acceptPlugin(Reloadable.java:78)
	at TRANSFORMER/roughlyenoughitems@12.1.785/me.shedaniel.rei.impl.common.plugins.PluginManagerImpl.lambda$reload$12(PluginManagerImpl.java:430)
	at TRANSFORMER/roughlyenoughitems@12.1.785/me.shedaniel.rei.impl.common.plugins.PluginManagerImpl.lambda$pluginSection$4(PluginManagerImpl.java:193)
	at TRANSFORMER/roughlyenoughitems@12.1.785/me.shedaniel.rei.impl.common.plugins.PluginManagerImpl.lambda$reload$13(PluginManagerImpl.java:420)
	at TRANSFORMER/roughlyenoughitems@12.1.785/me.shedaniel.rei.impl.common.plugins.PluginManagerImpl.pluginSection(PluginManagerImpl.java:191)
	at TRANSFORMER/roughlyenoughitems@12.1.785/me.shedaniel.rei.impl.common.plugins.PluginManagerImpl.reload(PluginManagerImpl.java:418)
	at TRANSFORMER/roughlyenoughitems@12.1.785/me.shedaniel.rei.api.common.plugins.PluginView$1.reload(PluginView.java:71)
	at TRANSFORMER/roughlyenoughitems@12.1.785/me.shedaniel.rei.impl.common.plugins.ReloadManagerImpl.reloadPlugins0(ReloadManagerImpl.java:155)
	at TRANSFORMER/roughlyenoughitems@12.1.785/me.shedaniel.rei.impl.common.plugins.ReloadManagerImpl.reloadPlugins0(ReloadManagerImpl.java:144)
	at TRANSFORMER/roughlyenoughitems@12.1.785/me.shedaniel.rei.impl.common.plugins.ReloadManagerImpl.lambda$reloadPlugins$7(ReloadManagerImpl.java:122)
	at java.base/java.util.concurrent.CompletableFuture$AsyncRun.run(Unknown Source)
	at java.base/java.util.concurrent.Executors$RunnableAdapter.call(Unknown Source)
	at java.base/java.util.concurrent.FutureTask.run(Unknown Source)
	at java.base/java.util.concurrent.ScheduledThreadPoolExecutor$ScheduledFutureTask.run(Unknown Source)
	at java.base/java.util.concurrent.ThreadPoolExecutor.runWorker(Unknown Source)
	at java.base/java.util.concurrent.ThreadPoolExecutor$Worker.run(Unknown Source)
	at java.base/java.lang.Thread.run(Unknown Source)
[23:55:05] [REI-ReloadPlugins/ERROR] [REI] JEI Plugin [CreateJEI:create:jei_plugin] of REI Plugin Compatibilities Adapter [rei_plugin_compatibilities, jei] plugin failed to reloadable-plugin/DisplayRegistryImpl/!
java.lang.IllegalArgumentException: Unknown registration mint_green_tea_bucket for type ResourceKey[minecraft:root / minecraft:item]
	at TRANSFORMER/Registrate.MC1._20@1.3.3/com.tterrag.registrate.AbstractRegistrate.getRegistration(AbstractRegistrate.java:440)
	at TRANSFORMER/Registrate.MC1._20@1.3.3/com.tterrag.registrate.AbstractRegistrate.get(AbstractRegistrate.java:408)
	at TRANSFORMER/Registrate.MC1._20@1.3.3/com.tterrag.registrate.builders.FluidBuilder.lambda$new$2(FluidBuilder.java:268)
	at TRANSFORMER/forge@47.4.0/net.minecraftforge.fluids.ForgeFlowingFluid.m_6859_(ForgeFlowingFluid.java:112)
	at TRANSFORMER/forge@47.4.0/net.minecraftforge.fluids.FluidType.getBucket(FluidType.java:753)
	at TRANSFORMER/forge@47.4.0/net.minecraftforge.fluids.capability.wrappers.FluidBucketWrapper.canFillFluidType(FluidBucketWrapper.java:57)
	at TRANSFORMER/forge@47.4.0/net.minecraftforge.fluids.capability.wrappers.FluidBucketWrapper.fill(FluidBucketWrapper.java:114)
	at TRANSFORMER/create@0.5.1.j/com.simibubi.create.compat.jei.category.SpoutCategory.lambda$consumeRecipes$0(SpoutCategory.java:74)
	at TRANSFORMER/forge@47.4.0/net.minecraftforge.common.util.LazyOptional.ifPresent(LazyOptional.java:137)
	at TRANSFORMER/create@0.5.1.j/com.simibubi.create.compat.jei.category.SpoutCategory.consumeRecipes(SpoutCategory.java:69)
	at TRANSFORMER/create@0.5.1.j/com.simibubi.create.compat.jei.CreateJEI.lambda$loadCategories$15(CreateJEI.java:275)
	at TRANSFORMER/create@0.5.1.j/com.simibubi.create.compat.jei.CreateJEI$CategoryBuilder.lambda$build$21(CreateJEI.java:518)
	at TRANSFORMER/create@0.5.1.j/com.simibubi.create.compat.jei.category.CreateRecipeCategory.registerRecipes(CreateRecipeCategory.java:82)
	at TRANSFORMER/create@0.5.1.j/com.simibubi.create.compat.jei.CreateJEI.lambda$registerRecipes$23(CreateJEI.java:343)
	at java.base/java.util.ArrayList.forEach(Unknown Source)
	at TRANSFORMER/create@0.5.1.j/com.simibubi.create.compat.jei.CreateJEI.registerRecipes(CreateJEI.java:343)
	at TRANSFORMER/rei_plugin_compatibilities@12.0.93/me.shedaniel.rei.jeicompat.JEIPluginDetector$JEIPluginWrapper.registerDisplays(JEIPluginDetector.java:558)
	at TRANSFORMER/roughlyenoughitems@12.1.785/me.shedaniel.rei.impl.client.registry.display.DisplayRegistryImpl.acceptPlugin(DisplayRegistryImpl.java:63)
	at TRANSFORMER/roughlyenoughitems@12.1.785/me.shedaniel.rei.impl.client.registry.display.DisplayRegistryImpl.acceptPlugin(DisplayRegistryImpl.java:53)
	at TRANSFORMER/roughlyenoughitems@12.1.785/me.shedaniel.rei.api.common.registry.Reloadable.acceptPlugin(Reloadable.java:78)
	at TRANSFORMER/roughlyenoughitems@12.1.785/me.shedaniel.rei.impl.common.plugins.PluginManagerImpl.lambda$reload$12(PluginManagerImpl.java:430)
	at TRANSFORMER/roughlyenoughitems@12.1.785/me.shedaniel.rei.impl.common.plugins.PluginManagerImpl.lambda$pluginSection$4(PluginManagerImpl.java:193)
	at TRANSFORMER/roughlyenoughitems@12.1.785/me.shedaniel.rei.impl.common.plugins.PluginManagerImpl.lambda$reload$13(PluginManagerImpl.java:420)
	at TRANSFORMER/roughlyenoughitems@12.1.785/me.shedaniel.rei.impl.common.plugins.PluginManagerImpl.pluginSection(PluginManagerImpl.java:191)
	at TRANSFORMER/roughlyenoughitems@12.1.785/me.shedaniel.rei.impl.common.plugins.PluginManagerImpl.reload(PluginManagerImpl.java:418)
	at TRANSFORMER/roughlyenoughitems@12.1.785/me.shedaniel.rei.api.common.plugins.PluginView$1.reload(PluginView.java:71)
	at TRANSFORMER/roughlyenoughitems@12.1.785/me.shedaniel.rei.impl.common.plugins.ReloadManagerImpl.reloadPlugins0(ReloadManagerImpl.java:155)
	at TRANSFORMER/roughlyenoughitems@12.1.785/me.shedaniel.rei.impl.common.plugins.ReloadManagerImpl.reloadPlugins0(ReloadManagerImpl.java:144)
	at TRANSFORMER/roughlyenoughitems@12.1.785/me.shedaniel.rei.impl.common.plugins.ReloadManagerImpl.lambda$reloadPlugins$7(ReloadManagerImpl.java:122)
	at java.base/java.util.concurrent.CompletableFuture$AsyncRun.run(Unknown Source)
	at java.base/java.util.concurrent.Executors$RunnableAdapter.call(Unknown Source)
	at java.base/java.util.concurrent.FutureTask.run(Unknown Source)
	at java.base/java.util.concurrent.ScheduledThreadPoolExecutor$ScheduledFutureTask.run(Unknown Source)
	at java.base/java.util.concurrent.ThreadPoolExecutor.runWorker(Unknown Source)
	at java.base/java.util.concurrent.ThreadPoolExecutor$Worker.run(Unknown Source)
	at java.base/java.lang.Thread.run(Unknown Source)
[23:55:05] [REI-ReloadPlugins/ERROR] [REI] Creating unregistered recipe transfer handler, this is experimental!!: minecraft:plugins/crafting class org.violetmoon.quark.addons.oddities.inventory.BackpackMenu
[23:59:44] [REI-ReloadPlugins/ERROR] [REI] DefaultClientPluginImpl of DefaultClientPluginImpl [roughlyenoughitems] plugin failed to reloadable-plugin/DisplayRegistryImpl/!
java.lang.ClassCastException: class net.id.paradiselost.items.utils.IngredientUtil$$Lambda$59213/0x00000260874771f8 cannot be cast to class net.minecraft.world.item.crafting.Ingredient (net.id.paradiselost.items.utils.IngredientUtil$$Lambda$59213/0x00000260874771f8 is in module paradise_lost@2.2.4-beta1.20.0 of loader 'TRANSFORMER' @300b839c; net.minecraft.world.item.crafting.Ingredient is in module minecraft@1.20.1 of loader 'TRANSFORMER' @300b839c)
	at TRANSFORMER/paradise_lost@2.2.4-beta1.20.0/net.id.paradiselost.items.tools.ParadiseLostToolMaterials$ParadiseToolMaterial.m_6282_(ParadiseLostToolMaterials.java:65)
	at TRANSFORMER/roughlyenoughitems@12.1.785/me.shedaniel.rei.plugin.client.DefaultClientPlugin.registerDisplays(DefaultClientPlugin.java:400)
	at TRANSFORMER/roughlyenoughitems@12.1.785/me.shedaniel.rei.impl.client.registry.display.DisplayRegistryImpl.acceptPlugin(DisplayRegistryImpl.java:63)
	at TRANSFORMER/roughlyenoughitems@12.1.785/me.shedaniel.rei.impl.client.registry.display.DisplayRegistryImpl.acceptPlugin(DisplayRegistryImpl.java:53)
	at TRANSFORMER/roughlyenoughitems@12.1.785/me.shedaniel.rei.api.common.registry.Reloadable.acceptPlugin(Reloadable.java:78)
	at TRANSFORMER/roughlyenoughitems@12.1.785/me.shedaniel.rei.impl.common.plugins.PluginManagerImpl.lambda$reload$12(PluginManagerImpl.java:430)
	at TRANSFORMER/roughlyenoughitems@12.1.785/me.shedaniel.rei.impl.common.plugins.PluginManagerImpl.lambda$pluginSection$4(PluginManagerImpl.java:193)
	at TRANSFORMER/roughlyenoughitems@12.1.785/me.shedaniel.rei.impl.common.plugins.PluginManagerImpl.lambda$reload$13(PluginManagerImpl.java:420)
	at TRANSFORMER/roughlyenoughitems@12.1.785/me.shedaniel.rei.impl.common.plugins.PluginManagerImpl.pluginSection(PluginManagerImpl.java:191)
	at TRANSFORMER/roughlyenoughitems@12.1.785/me.shedaniel.rei.impl.common.plugins.PluginManagerImpl.reload(PluginManagerImpl.java:418)
	at TRANSFORMER/roughlyenoughitems@12.1.785/me.shedaniel.rei.api.common.plugins.PluginView$1.reload(PluginView.java:71)
	at TRANSFORMER/roughlyenoughitems@12.1.785/me.shedaniel.rei.impl.common.plugins.ReloadManagerImpl.reloadPlugins0(ReloadManagerImpl.java:155)
	at TRANSFORMER/roughlyenoughitems@12.1.785/me.shedaniel.rei.impl.common.plugins.ReloadManagerImpl.reloadPlugins0(ReloadManagerImpl.java:144)
	at TRANSFORMER/roughlyenoughitems@12.1.785/me.shedaniel.rei.impl.common.plugins.ReloadManagerImpl.lambda$reloadPlugins$7(ReloadManagerImpl.java:122)
	at java.base/java.util.concurrent.CompletableFuture$AsyncRun.run(Unknown Source)
	at java.base/java.util.concurrent.Executors$RunnableAdapter.call(Unknown Source)
	at java.base/java.util.concurrent.FutureTask.run(Unknown Source)
	at java.base/java.util.concurrent.ScheduledThreadPoolExecutor$ScheduledFutureTask.run(Unknown Source)
	at java.base/java.util.concurrent.ThreadPoolExecutor.runWorker(Unknown Source)
	at java.base/java.util.concurrent.ThreadPoolExecutor$Worker.run(Unknown Source)
	at java.base/java.lang.Thread.run(Unknown Source)
[23:59:44] [REI-ReloadPlugins/ERROR] [REI] JEI Plugin [YungsCaveBiomesJEIPluginForge:yungscavebiomes:jei_plugin] of REI Plugin Compatibilities Adapter [rei_plugin_compatibilities, jei] plugin failed to reloadable-plugin/DisplayRegistryImpl/!
java.lang.NoSuchMethodError: 'mezz.jei.api.recipe.vanilla.IJeiBrewingRecipe mezz.jei.api.recipe.vanilla.IVanillaRecipeFactory.createBrewingRecipe(java.util.List, net.minecraft.world.item.ItemStack, net.minecraft.world.item.ItemStack, net.minecraft.resources.ResourceLocation)'
	at TRANSFORMER/yungscavebiomes@1.20.1-Forge-2.0.5/com.yungnickyoung.minecraft.yungscavebiomes.modcompat.YungsCaveBiomesJEIPluginForge.registerRecipes(YungsCaveBiomesJEIPluginForge.java:36)
	at TRANSFORMER/rei_plugin_compatibilities@12.0.93/me.shedaniel.rei.jeicompat.JEIPluginDetector$JEIPluginWrapper.registerDisplays(JEIPluginDetector.java:558)
	at TRANSFORMER/roughlyenoughitems@12.1.785/me.shedaniel.rei.impl.client.registry.display.DisplayRegistryImpl.acceptPlugin(DisplayRegistryImpl.java:63)
	at TRANSFORMER/roughlyenoughitems@12.1.785/me.shedaniel.rei.impl.client.registry.display.DisplayRegistryImpl.acceptPlugin(DisplayRegistryImpl.java:53)
	at TRANSFORMER/roughlyenoughitems@12.1.785/me.shedaniel.rei.api.common.registry.Reloadable.acceptPlugin(Reloadable.java:78)
	at TRANSFORMER/roughlyenoughitems@12.1.785/me.shedaniel.rei.impl.common.plugins.PluginManagerImpl.lambda$reload$12(PluginManagerImpl.java:430)
	at TRANSFORMER/roughlyenoughitems@12.1.785/me.shedaniel.rei.impl.common.plugins.PluginManagerImpl.lambda$pluginSection$4(PluginManagerImpl.java:193)
	at TRANSFORMER/roughlyenoughitems@12.1.785/me.shedaniel.rei.impl.common.plugins.PluginManagerImpl.lambda$reload$13(PluginManagerImpl.java:420)
	at TRANSFORMER/roughlyenoughitems@12.1.785/me.shedaniel.rei.impl.common.plugins.PluginManagerImpl.pluginSection(PluginManagerImpl.java:191)
	at TRANSFORMER/roughlyenoughitems@12.1.785/me.shedaniel.rei.impl.common.plugins.PluginManagerImpl.reload(PluginManagerImpl.java:418)
	at TRANSFORMER/roughlyenoughitems@12.1.785/me.shedaniel.rei.api.common.plugins.PluginView$1.reload(PluginView.java:71)
	at TRANSFORMER/roughlyenoughitems@12.1.785/me.shedaniel.rei.impl.common.plugins.ReloadManagerImpl.reloadPlugins0(ReloadManagerImpl.java:155)
	at TRANSFORMER/roughlyenoughitems@12.1.785/me.shedaniel.rei.impl.common.plugins.ReloadManagerImpl.reloadPlugins0(ReloadManagerImpl.java:144)
	at TRANSFORMER/roughlyenoughitems@12.1.785/me.shedaniel.rei.impl.common.plugins.ReloadManagerImpl.lambda$reloadPlugins$7(ReloadManagerImpl.java:122)
	at java.base/java.util.concurrent.CompletableFuture$AsyncRun.run(Unknown Source)
	at java.base/java.util.concurrent.Executors$RunnableAdapter.call(Unknown Source)
	at java.base/java.util.concurrent.FutureTask.run(Unknown Source)
	at java.base/java.util.concurrent.ScheduledThreadPoolExecutor$ScheduledFutureTask.run(Unknown Source)
	at java.base/java.util.concurrent.ThreadPoolExecutor.runWorker(Unknown Source)
	at java.base/java.util.concurrent.ThreadPoolExecutor$Worker.run(Unknown Source)
	at java.base/java.lang.Thread.run(Unknown Source)
[23:59:44] [REI-ReloadPlugins/ERROR] [REI] JEI Plugin [CreateJEI:create:jei_plugin] of REI Plugin Compatibilities Adapter [rei_plugin_compatibilities, jei] plugin failed to reloadable-plugin/DisplayRegistryImpl/!
java.lang.IllegalArgumentException: Unknown registration mint_green_tea_bucket for type ResourceKey[minecraft:root / minecraft:item]
	at TRANSFORMER/Registrate.MC1._20@1.3.3/com.tterrag.registrate.AbstractRegistrate.getRegistration(AbstractRegistrate.java:440)
	at TRANSFORMER/Registrate.MC1._20@1.3.3/com.tterrag.registrate.AbstractRegistrate.get(AbstractRegistrate.java:408)
	at TRANSFORMER/Registrate.MC1._20@1.3.3/com.tterrag.registrate.builders.FluidBuilder.lambda$new$2(FluidBuilder.java:268)
	at TRANSFORMER/forge@47.4.0/net.minecraftforge.fluids.ForgeFlowingFluid.m_6859_(ForgeFlowingFluid.java:112)
	at TRANSFORMER/forge@47.4.0/net.minecraftforge.fluids.FluidType.getBucket(FluidType.java:753)
	at TRANSFORMER/forge@47.4.0/net.minecraftforge.fluids.capability.wrappers.FluidBucketWrapper.canFillFluidType(FluidBucketWrapper.java:57)
	at TRANSFORMER/forge@47.4.0/net.minecraftforge.fluids.capability.wrappers.FluidBucketWrapper.fill(FluidBucketWrapper.java:114)
	at TRANSFORMER/create@0.5.1.j/com.simibubi.create.compat.jei.category.SpoutCategory.lambda$consumeRecipes$0(SpoutCategory.java:74)
	at TRANSFORMER/forge@47.4.0/net.minecraftforge.common.util.LazyOptional.ifPresent(LazyOptional.java:137)
	at TRANSFORMER/create@0.5.1.j/com.simibubi.create.compat.jei.category.SpoutCategory.consumeRecipes(SpoutCategory.java:69)
	at TRANSFORMER/create@0.5.1.j/com.simibubi.create.compat.jei.CreateJEI.lambda$loadCategories$15(CreateJEI.java:275)
	at TRANSFORMER/create@0.5.1.j/com.simibubi.create.compat.jei.CreateJEI$CategoryBuilder.lambda$build$21(CreateJEI.java:518)
	at TRANSFORMER/create@0.5.1.j/com.simibubi.create.compat.jei.category.CreateRecipeCategory.registerRecipes(CreateRecipeCategory.java:82)
	at TRANSFORMER/create@0.5.1.j/com.simibubi.create.compat.jei.CreateJEI.lambda$registerRecipes$23(CreateJEI.java:343)
	at java.base/java.util.ArrayList.forEach(Unknown Source)
	at TRANSFORMER/create@0.5.1.j/com.simibubi.create.compat.jei.CreateJEI.registerRecipes(CreateJEI.java:343)
	at TRANSFORMER/rei_plugin_compatibilities@12.0.93/me.shedaniel.rei.jeicompat.JEIPluginDetector$JEIPluginWrapper.registerDisplays(JEIPluginDetector.java:558)
	at TRANSFORMER/roughlyenoughitems@12.1.785/me.shedaniel.rei.impl.client.registry.display.DisplayRegistryImpl.acceptPlugin(DisplayRegistryImpl.java:63)
	at TRANSFORMER/roughlyenoughitems@12.1.785/me.shedaniel.rei.impl.client.registry.display.DisplayRegistryImpl.acceptPlugin(DisplayRegistryImpl.java:53)
	at TRANSFORMER/roughlyenoughitems@12.1.785/me.shedaniel.rei.api.common.registry.Reloadable.acceptPlugin(Reloadable.java:78)
	at TRANSFORMER/roughlyenoughitems@12.1.785/me.shedaniel.rei.impl.common.plugins.PluginManagerImpl.lambda$reload$12(PluginManagerImpl.java:430)
	at TRANSFORMER/roughlyenoughitems@12.1.785/me.shedaniel.rei.impl.common.plugins.PluginManagerImpl.lambda$pluginSection$4(PluginManagerImpl.java:193)
	at TRANSFORMER/roughlyenoughitems@12.1.785/me.shedaniel.rei.impl.common.plugins.PluginManagerImpl.lambda$reload$13(PluginManagerImpl.java:420)
	at TRANSFORMER/roughlyenoughitems@12.1.785/me.shedaniel.rei.impl.common.plugins.PluginManagerImpl.pluginSection(PluginManagerImpl.java:191)
	at TRANSFORMER/roughlyenoughitems@12.1.785/me.shedaniel.rei.impl.common.plugins.PluginManagerImpl.reload(PluginManagerImpl.java:418)
	at TRANSFORMER/roughlyenoughitems@12.1.785/me.shedaniel.rei.api.common.plugins.PluginView$1.reload(PluginView.java:71)
	at TRANSFORMER/roughlyenoughitems@12.1.785/me.shedaniel.rei.impl.common.plugins.ReloadManagerImpl.reloadPlugins0(ReloadManagerImpl.java:155)
	at TRANSFORMER/roughlyenoughitems@12.1.785/me.shedaniel.rei.impl.common.plugins.ReloadManagerImpl.reloadPlugins0(ReloadManagerImpl.java:144)
	at TRANSFORMER/roughlyenoughitems@12.1.785/me.shedaniel.rei.impl.common.plugins.ReloadManagerImpl.lambda$reloadPlugins$7(ReloadManagerImpl.java:122)
	at java.base/java.util.concurrent.CompletableFuture$AsyncRun.run(Unknown Source)
	at java.base/java.util.concurrent.Executors$RunnableAdapter.call(Unknown Source)
	at java.base/java.util.concurrent.FutureTask.run(Unknown Source)
	at java.base/java.util.concurrent.ScheduledThreadPoolExecutor$ScheduledFutureTask.run(Unknown Source)
	at java.base/java.util.concurrent.ThreadPoolExecutor.runWorker(Unknown Source)
	at java.base/java.util.concurrent.ThreadPoolExecutor$Worker.run(Unknown Source)
	at java.base/java.lang.Thread.run(Unknown Source)
[23:59:44] [REI-ReloadPlugins/ERROR] [REI] Creating unregistered recipe transfer handler, this is experimental!!: minecraft:plugins/crafting class org.violetmoon.quark.addons.oddities.inventory.BackpackMenu
[00:02:03] [REI-ReloadPlugins/ERROR] [REI] DefaultClientPluginImpl of DefaultClientPluginImpl [roughlyenoughitems] plugin failed to reloadable-plugin/DisplayRegistryImpl/!
java.lang.ClassCastException: class net.id.paradiselost.items.utils.IngredientUtil$$Lambda$59213/0x00000260874771f8 cannot be cast to class net.minecraft.world.item.crafting.Ingredient (net.id.paradiselost.items.utils.IngredientUtil$$Lambda$59213/0x00000260874771f8 is in module paradise_lost@2.2.4-beta1.20.0 of loader 'TRANSFORMER' @300b839c; net.minecraft.world.item.crafting.Ingredient is in module minecraft@1.20.1 of loader 'TRANSFORMER' @300b839c)
	at TRANSFORMER/paradise_lost@2.2.4-beta1.20.0/net.id.paradiselost.items.tools.ParadiseLostToolMaterials$ParadiseToolMaterial.m_6282_(ParadiseLostToolMaterials.java:65)
	at TRANSFORMER/roughlyenoughitems@12.1.785/me.shedaniel.rei.plugin.client.DefaultClientPlugin.registerDisplays(DefaultClientPlugin.java:400)
	at TRANSFORMER/roughlyenoughitems@12.1.785/me.shedaniel.rei.impl.client.registry.display.DisplayRegistryImpl.acceptPlugin(DisplayRegistryImpl.java:63)
	at TRANSFORMER/roughlyenoughitems@12.1.785/me.shedaniel.rei.impl.client.registry.display.DisplayRegistryImpl.acceptPlugin(DisplayRegistryImpl.java:53)
	at TRANSFORMER/roughlyenoughitems@12.1.785/me.shedaniel.rei.api.common.registry.Reloadable.acceptPlugin(Reloadable.java:78)
	at TRANSFORMER/roughlyenoughitems@12.1.785/me.shedaniel.rei.impl.common.plugins.PluginManagerImpl.lambda$reload$12(PluginManagerImpl.java:430)
	at TRANSFORMER/roughlyenoughitems@12.1.785/me.shedaniel.rei.impl.common.plugins.PluginManagerImpl.lambda$pluginSection$4(PluginManagerImpl.java:193)
	at TRANSFORMER/roughlyenoughitems@12.1.785/me.shedaniel.rei.impl.common.plugins.PluginManagerImpl.lambda$reload$13(PluginManagerImpl.java:420)
	at TRANSFORMER/roughlyenoughitems@12.1.785/me.shedaniel.rei.impl.common.plugins.PluginManagerImpl.pluginSection(PluginManagerImpl.java:191)
	at TRANSFORMER/roughlyenoughitems@12.1.785/me.shedaniel.rei.impl.common.plugins.PluginManagerImpl.reload(PluginManagerImpl.java:418)
	at TRANSFORMER/roughlyenoughitems@12.1.785/me.shedaniel.rei.api.common.plugins.PluginView$1.reload(PluginView.java:71)
	at TRANSFORMER/roughlyenoughitems@12.1.785/me.shedaniel.rei.impl.common.plugins.ReloadManagerImpl.reloadPlugins0(ReloadManagerImpl.java:155)
	at TRANSFORMER/roughlyenoughitems@12.1.785/me.shedaniel.rei.impl.common.plugins.ReloadManagerImpl.reloadPlugins0(ReloadManagerImpl.java:144)
	at TRANSFORMER/roughlyenoughitems@12.1.785/me.shedaniel.rei.impl.common.plugins.ReloadManagerImpl.lambda$reloadPlugins$7(ReloadManagerImpl.java:122)
	at java.base/java.util.concurrent.CompletableFuture$AsyncRun.run(Unknown Source)
	at java.base/java.util.concurrent.Executors$RunnableAdapter.call(Unknown Source)
	at java.base/java.util.concurrent.FutureTask.run(Unknown Source)
	at java.base/java.util.concurrent.ScheduledThreadPoolExecutor$ScheduledFutureTask.run(Unknown Source)
	at java.base/java.util.concurrent.ThreadPoolExecutor.runWorker(Unknown Source)
	at java.base/java.util.concurrent.ThreadPoolExecutor$Worker.run(Unknown Source)
	at java.base/java.lang.Thread.run(Unknown Source)
[00:02:03] [REI-ReloadPlugins/ERROR] [REI] JEI Plugin [YungsCaveBiomesJEIPluginForge:yungscavebiomes:jei_plugin] of REI Plugin Compatibilities Adapter [rei_plugin_compatibilities, jei] plugin failed to reloadable-plugin/DisplayRegistryImpl/!
java.lang.NoSuchMethodError: 'mezz.jei.api.recipe.vanilla.IJeiBrewingRecipe mezz.jei.api.recipe.vanilla.IVanillaRecipeFactory.createBrewingRecipe(java.util.List, net.minecraft.world.item.ItemStack, net.minecraft.world.item.ItemStack, net.minecraft.resources.ResourceLocation)'
	at TRANSFORMER/yungscavebiomes@1.20.1-Forge-2.0.5/com.yungnickyoung.minecraft.yungscavebiomes.modcompat.YungsCaveBiomesJEIPluginForge.registerRecipes(YungsCaveBiomesJEIPluginForge.java:36)
	at TRANSFORMER/rei_plugin_compatibilities@12.0.93/me.shedaniel.rei.jeicompat.JEIPluginDetector$JEIPluginWrapper.registerDisplays(JEIPluginDetector.java:558)
	at TRANSFORMER/roughlyenoughitems@12.1.785/me.shedaniel.rei.impl.client.registry.display.DisplayRegistryImpl.acceptPlugin(DisplayRegistryImpl.java:63)
	at TRANSFORMER/roughlyenoughitems@12.1.785/me.shedaniel.rei.impl.client.registry.display.DisplayRegistryImpl.acceptPlugin(DisplayRegistryImpl.java:53)
	at TRANSFORMER/roughlyenoughitems@12.1.785/me.shedaniel.rei.api.common.registry.Reloadable.acceptPlugin(Reloadable.java:78)
	at TRANSFORMER/roughlyenoughitems@12.1.785/me.shedaniel.rei.impl.common.plugins.PluginManagerImpl.lambda$reload$12(PluginManagerImpl.java:430)
	at TRANSFORMER/roughlyenoughitems@12.1.785/me.shedaniel.rei.impl.common.plugins.PluginManagerImpl.lambda$pluginSection$4(PluginManagerImpl.java:193)
	at TRANSFORMER/roughlyenoughitems@12.1.785/me.shedaniel.rei.impl.common.plugins.PluginManagerImpl.lambda$reload$13(PluginManagerImpl.java:420)
	at TRANSFORMER/roughlyenoughitems@12.1.785/me.shedaniel.rei.impl.common.plugins.PluginManagerImpl.pluginSection(PluginManagerImpl.java:191)
	at TRANSFORMER/roughlyenoughitems@12.1.785/me.shedaniel.rei.impl.common.plugins.PluginManagerImpl.reload(PluginManagerImpl.java:418)
	at TRANSFORMER/roughlyenoughitems@12.1.785/me.shedaniel.rei.api.common.plugins.PluginView$1.reload(PluginView.java:71)
	at TRANSFORMER/roughlyenoughitems@12.1.785/me.shedaniel.rei.impl.common.plugins.ReloadManagerImpl.reloadPlugins0(ReloadManagerImpl.java:155)
	at TRANSFORMER/roughlyenoughitems@12.1.785/me.shedaniel.rei.impl.common.plugins.ReloadManagerImpl.reloadPlugins0(ReloadManagerImpl.java:144)
	at TRANSFORMER/roughlyenoughitems@12.1.785/me.shedaniel.rei.impl.common.plugins.ReloadManagerImpl.lambda$reloadPlugins$7(ReloadManagerImpl.java:122)
	at java.base/java.util.concurrent.CompletableFuture$AsyncRun.run(Unknown Source)
	at java.base/java.util.concurrent.Executors$RunnableAdapter.call(Unknown Source)
	at java.base/java.util.concurrent.FutureTask.run(Unknown Source)
	at java.base/java.util.concurrent.ScheduledThreadPoolExecutor$ScheduledFutureTask.run(Unknown Source)
	at java.base/java.util.concurrent.ThreadPoolExecutor.runWorker(Unknown Source)
	at java.base/java.util.concurrent.ThreadPoolExecutor$Worker.run(Unknown Source)
	at java.base/java.lang.Thread.run(Unknown Source)
[00:02:03] [REI-ReloadPlugins/ERROR] [REI] JEI Plugin [CreateJEI:create:jei_plugin] of REI Plugin Compatibilities Adapter [rei_plugin_compatibilities, jei] plugin failed to reloadable-plugin/DisplayRegistryImpl/!
java.lang.IllegalArgumentException: Unknown registration mint_green_tea_bucket for type ResourceKey[minecraft:root / minecraft:item]
	at TRANSFORMER/Registrate.MC1._20@1.3.3/com.tterrag.registrate.AbstractRegistrate.getRegistration(AbstractRegistrate.java:440)
	at TRANSFORMER/Registrate.MC1._20@1.3.3/com.tterrag.registrate.AbstractRegistrate.get(AbstractRegistrate.java:408)
	at TRANSFORMER/Registrate.MC1._20@1.3.3/com.tterrag.registrate.builders.FluidBuilder.lambda$new$2(FluidBuilder.java:268)
	at TRANSFORMER/forge@47.4.0/net.minecraftforge.fluids.ForgeFlowingFluid.m_6859_(ForgeFlowingFluid.java:112)
	at TRANSFORMER/forge@47.4.0/net.minecraftforge.fluids.FluidType.getBucket(FluidType.java:753)
	at TRANSFORMER/forge@47.4.0/net.minecraftforge.fluids.capability.wrappers.FluidBucketWrapper.canFillFluidType(FluidBucketWrapper.java:57)
	at TRANSFORMER/forge@47.4.0/net.minecraftforge.fluids.capability.wrappers.FluidBucketWrapper.fill(FluidBucketWrapper.java:114)
	at TRANSFORMER/create@0.5.1.j/com.simibubi.create.compat.jei.category.SpoutCategory.lambda$consumeRecipes$0(SpoutCategory.java:74)
	at TRANSFORMER/forge@47.4.0/net.minecraftforge.common.util.LazyOptional.ifPresent(LazyOptional.java:137)
	at TRANSFORMER/create@0.5.1.j/com.simibubi.create.compat.jei.category.SpoutCategory.consumeRecipes(SpoutCategory.java:69)
	at TRANSFORMER/create@0.5.1.j/com.simibubi.create.compat.jei.CreateJEI.lambda$loadCategories$15(CreateJEI.java:275)
	at TRANSFORMER/create@0.5.1.j/com.simibubi.create.compat.jei.CreateJEI$CategoryBuilder.lambda$build$21(CreateJEI.java:518)
	at TRANSFORMER/create@0.5.1.j/com.simibubi.create.compat.jei.category.CreateRecipeCategory.registerRecipes(CreateRecipeCategory.java:82)
	at TRANSFORMER/create@0.5.1.j/com.simibubi.create.compat.jei.CreateJEI.lambda$registerRecipes$23(CreateJEI.java:343)
	at java.base/java.util.ArrayList.forEach(Unknown Source)
	at TRANSFORMER/create@0.5.1.j/com.simibubi.create.compat.jei.CreateJEI.registerRecipes(CreateJEI.java:343)
	at TRANSFORMER/rei_plugin_compatibilities@12.0.93/me.shedaniel.rei.jeicompat.JEIPluginDetector$JEIPluginWrapper.registerDisplays(JEIPluginDetector.java:558)
	at TRANSFORMER/roughlyenoughitems@12.1.785/me.shedaniel.rei.impl.client.registry.display.DisplayRegistryImpl.acceptPlugin(DisplayRegistryImpl.java:63)
	at TRANSFORMER/roughlyenoughitems@12.1.785/me.shedaniel.rei.impl.client.registry.display.DisplayRegistryImpl.acceptPlugin(DisplayRegistryImpl.java:53)
	at TRANSFORMER/roughlyenoughitems@12.1.785/me.shedaniel.rei.api.common.registry.Reloadable.acceptPlugin(Reloadable.java:78)
	at TRANSFORMER/roughlyenoughitems@12.1.785/me.shedaniel.rei.impl.common.plugins.PluginManagerImpl.lambda$reload$12(PluginManagerImpl.java:430)
	at TRANSFORMER/roughlyenoughitems@12.1.785/me.shedaniel.rei.impl.common.plugins.PluginManagerImpl.lambda$pluginSection$4(PluginManagerImpl.java:193)
	at TRANSFORMER/roughlyenoughitems@12.1.785/me.shedaniel.rei.impl.common.plugins.PluginManagerImpl.lambda$reload$13(PluginManagerImpl.java:420)
	at TRANSFORMER/roughlyenoughitems@12.1.785/me.shedaniel.rei.impl.common.plugins.PluginManagerImpl.pluginSection(PluginManagerImpl.java:191)
	at TRANSFORMER/roughlyenoughitems@12.1.785/me.shedaniel.rei.impl.common.plugins.PluginManagerImpl.reload(PluginManagerImpl.java:418)
	at TRANSFORMER/roughlyenoughitems@12.1.785/me.shedaniel.rei.api.common.plugins.PluginView$1.reload(PluginView.java:71)
	at TRANSFORMER/roughlyenoughitems@12.1.785/me.shedaniel.rei.impl.common.plugins.ReloadManagerImpl.reloadPlugins0(ReloadManagerImpl.java:155)
	at TRANSFORMER/roughlyenoughitems@12.1.785/me.shedaniel.rei.impl.common.plugins.ReloadManagerImpl.reloadPlugins0(ReloadManagerImpl.java:144)
	at TRANSFORMER/roughlyenoughitems@12.1.785/me.shedaniel.rei.impl.common.plugins.ReloadManagerImpl.lambda$reloadPlugins$7(ReloadManagerImpl.java:122)
	at java.base/java.util.concurrent.CompletableFuture$AsyncRun.run(Unknown Source)
	at java.base/java.util.concurrent.Executors$RunnableAdapter.call(Unknown Source)
	at java.base/java.util.concurrent.FutureTask.run(Unknown Source)
	at java.base/java.util.concurrent.ScheduledThreadPoolExecutor$ScheduledFutureTask.run(Unknown Source)
	at java.base/java.util.concurrent.ThreadPoolExecutor.runWorker(Unknown Source)
	at java.base/java.util.concurrent.ThreadPoolExecutor$Worker.run(Unknown Source)
	at java.base/java.lang.Thread.run(Unknown Source)
[00:02:04] [REI-ReloadPlugins/ERROR] [REI] Creating unregistered recipe transfer handler, this is experimental!!: minecraft:plugins/crafting class org.violetmoon.quark.addons.oddities.inventory.BackpackMenu
