[09:30:58] [modloading-worker-0/INFO] ========================================
[09:30:58] [modloading-worker-0/INFO] Minecraft: 1.20.1
[09:30:58] [modloading-worker-0/INFO] Side: client
[09:30:58] [modloading-worker-0/INFO] Development: false
[09:30:58] [modloading-worker-0/INFO] Version: 12.1.785
[09:30:58] [modloading-worker-0/INFO] Loader:
[09:30:58] [modloading-worker-0/INFO] - Forge: 47.4.8
[09:30:58] [modloading-worker-0/INFO] Dependencies:
[09:30:58] [modloading-worker-0/INFO] - Cloth Config: 11.1.136
[09:30:58] [modloading-worker-0/INFO] - Architectury: 9.2.14
[09:30:58] [modloading-worker-0/INFO] Mixin: 0.8.5
[09:30:58] [modloading-worker-0/INFO] OS: Windows 11 10.0 (amd64)
[09:30:58] [modloading-worker-0/INFO] Java: 17.0.8.1 (Azul Systems, Inc.)
[09:30:58] [modloading-worker-0/INFO] ========================================
[09:30:58] [modloading-worker-0/INFO] Mods:
[09:30:58] [modloading-worker-0/INFO] - abnormals_delight: 5.0.0
[09:30:58] [modloading-worker-0/INFO] - ad_astra: 1.15.19
[09:30:58] [modloading-worker-0/INFO] - additionalplacements: 1.8.0
[09:30:58] [modloading-worker-0/INFO] - aiimprovements: 0.5.2
[09:30:58] [modloading-worker-0/INFO] - alexscaves: 2.0.2
[09:30:58] [modloading-worker-0/INFO] - alexsmobs: 1.22.9
[09:30:58] [modloading-worker-0/INFO] - allurement: 4.0.0
[09:30:58] [modloading-worker-0/INFO] - ambientenvironment: 11.0.0.1
[09:30:58] [modloading-worker-0/INFO] - amecsapi: 1.5.3+mc1.20-pre1
[09:30:58] [modloading-worker-0/INFO] - amendments: 1.20-2.0.7
[09:30:58] [modloading-worker-0/INFO] - antique_atlas: 2.11.21.20
[09:30:58] [modloading-worker-0/INFO] - aquaculture: 2.5.5
[09:30:58] [modloading-worker-0/INFO] - aquaculturedelight: 1.1.1
[09:30:58] [modloading-worker-0/INFO] - archeryexp: 1.0.6
[09:30:58] [modloading-worker-0/INFO] - archexpsquared: 0.3.0
[09:30:58] [modloading-worker-0/INFO] - architects_palette: 1.3.6.1
[09:30:58] [modloading-worker-0/INFO] - architectury: 9.2.14
[09:30:58] [modloading-worker-0/INFO] - armorcurve: 3.0
[09:30:58] [modloading-worker-0/INFO] - async_pack_scan: 0.2.0
[09:30:58] [modloading-worker-0/INFO] - atmospheric: 6.1.1
[09:30:58] [modloading-worker-0/INFO] - attributefix: 21.0.4
[09:30:58] [modloading-worker-0/INFO] - auditory: 0.0.6-1.20.1
[09:30:58] [modloading-worker-0/INFO] - autumnity: 5.0.2
[09:30:58] [modloading-worker-0/INFO] - badoptimizations: 2.3.0
[09:30:58] [modloading-worker-0/INFO] - balm: 7.3.34
[09:30:58] [modloading-worker-0/INFO] - bcc: 3.0.1-build.58+mc1.20
[09:30:58] [modloading-worker-0/INFO] - beansbackpacks: 2.0.2
[09:30:58] [modloading-worker-0/INFO] - berry_good: 7.0.0
[09:30:58] [modloading-worker-0/INFO] - betteradvancements: 0.4.2.25
[09:30:58] [modloading-worker-0/INFO] - bettercaves: 1.20.1-Forge-2.0.4
[09:30:58] [modloading-worker-0/INFO] - betterclouds: 1.3.35-beta+1.20.1-forge.rev.edd63c1
[09:30:58] [modloading-worker-0/INFO] - bettercombat: 1.8.6+1.20.1
[09:30:58] [modloading-worker-0/INFO] - betterdeserttemples: 1.20-Forge-3.0.3
[09:30:58] [modloading-worker-0/INFO] - betterdungeons: 1.20-Forge-4.0.4
[09:30:58] [modloading-worker-0/INFO] - betterendisland: 1.20-Forge-2.0.6
[09:30:58] [modloading-worker-0/INFO] - betterf3: 7.0.2
[09:30:58] [modloading-worker-0/INFO] - betterfortresses: 1.20-Forge-2.0.6
[09:30:58] [modloading-worker-0/INFO] - betterjungletemples: 1.20-Forge-2.0.5
[09:30:58] [modloading-worker-0/INFO] - bettermineshafts: 1.20-Forge-4.0.4
[09:30:58] [modloading-worker-0/INFO] - betteroceanmonuments: 1.20-Forge-3.0.4
[09:30:58] [modloading-worker-0/INFO] - blockswap: 5.0.0.0
[09:30:58] [modloading-worker-0/INFO] - blue_endless_jankson: 1.2.2
[09:30:58] [modloading-worker-0/INFO] - blueprint: 7.1.3
[09:30:58] [modloading-worker-0/INFO] - blueprintfix: 1.0.0
[09:30:58] [modloading-worker-0/INFO] - blur: 3.1.1
[09:30:58] [modloading-worker-0/INFO] - bookshelf: 20.2.13
[09:30:58] [modloading-worker-0/INFO] - bosses_of_mass_destruction: 1.7.5-1.20.1
[09:30:58] [modloading-worker-0/INFO] - botarium: 2.3.4
[09:30:58] [modloading-worker-0/INFO] - bountifulfares: 1.2.1-1.20.1
[09:30:58] [modloading-worker-0/INFO] - brewinandchewin: 1.20.1-3.2.1
[09:30:58] [modloading-worker-0/INFO] - buzzier_bees: 6.0.1
[09:30:58] [modloading-worker-0/INFO] - cardinal_components_base: 5.2.2
[09:30:58] [modloading-worker-0/INFO] - cardinal_components_entity: 5.2.2
[09:30:58] [modloading-worker-0/INFO] - cardinal_components_world: 5.2.2
[09:30:58] [modloading-worker-0/INFO] - catalogue: 1.8.0
[09:30:58] [modloading-worker-0/INFO] - cavedelight: 1.0.2
[09:30:58] [modloading-worker-0/INFO] - caverns_and_chasms: 2.0.0
[09:30:58] [modloading-worker-0/INFO] - chalk: 1.6.6
[09:30:58] [modloading-worker-0/INFO] - chatplus: 2.7.0
[09:30:58] [modloading-worker-0/INFO] - chefsdelight: 1.0.3-forge-1.20.1
[09:30:58] [modloading-worker-0/INFO] - citadel: 2.6.2
[09:30:58] [modloading-worker-0/INFO] - citresewn: 1.2.21.20.1
[09:30:58] [modloading-worker-0/INFO] - citresewn_defaults: 1.2.21.20.1
[09:30:58] [modloading-worker-0/INFO] - claimorous: 0.9.2
[09:30:58] [modloading-worker-0/INFO] - cloth_config: 11.1.136
[09:30:58] [modloading-worker-0/INFO] - cloudstorage: 1.4.0
[09:30:58] [modloading-worker-0/INFO] - cobweb: 1.0.1
[09:30:58] [modloading-worker-0/INFO] - collective: 8.3
[09:30:58] [modloading-worker-0/INFO] - com_github_llamalad7_mixinextras: 0.2.0-rc.5
[09:30:58] [modloading-worker-0/INFO] - com_github_mclegoman_releasetypeutils: 2.0.0
[09:30:58] [modloading-worker-0/INFO] - com_moandjiezana_toml_toml4j: 0.7.2
[09:30:58] [modloading-worker-0/INFO] - combatroll: 1.3.3+1.20.1
[09:30:58] [modloading-worker-0/INFO] - comfortable_campfires: 1.1.2+1.19.2
[09:30:58] [modloading-worker-0/INFO] - composite_material: 1.2.8
[09:30:58] [modloading-worker-0/INFO] - computercraft: 1.115.0
[09:30:58] [modloading-worker-0/INFO] - conditional_mixin: 0.6.4
[09:30:58] [modloading-worker-0/INFO] - connectorextras: 1.11.2+1.20.1
[09:30:58] [modloading-worker-0/INFO] - connectorextras_architectury_bridge: 1.11.2+1.20.1
[09:30:58] [modloading-worker-0/INFO] - connectorextras_emi_bridge: 1.11.2+1.20.1
[09:30:58] [modloading-worker-0/INFO] - connectorextras_energy_bridge: 1.11.2+1.20.1
[09:30:58] [modloading-worker-0/INFO] - connectorextras_geckolib_fabric_compat: 1.11.2+1.20.1
[09:30:58] [modloading-worker-0/INFO] - connectorextras_jei_bridge: 1.11.2+1.20.1
[09:30:58] [modloading-worker-0/INFO] - connectorextras_kubejs_bridge: 1.11.2+1.20.1
[09:30:58] [modloading-worker-0/INFO] - connectorextras_modmenu_bridge: 1.11.2+1.20.1
[09:30:58] [modloading-worker-0/INFO] - connectorextras_pehkui_bridge: 1.11.2+1.20.1
[09:30:58] [modloading-worker-0/INFO] - connectorextras_rei_bridge: 1.11.2+1.20.1
[09:30:58] [modloading-worker-0/INFO] - connectorextras_terrablender_bridge: 1.11.2+1.20.1
[09:30:58] [modloading-worker-0/INFO] - connectormod: 1.0.0-beta.46+1.20.1
[09:30:58] [modloading-worker-0/INFO] - continuity: 3.0.01.20.1.forge
[09:30:58] [modloading-worker-0/INFO] - copperpot: 1.20.1-2.0.3
[09:30:58] [modloading-worker-0/INFO] - corpse: 1.20.1-1.0.21
[09:30:58] [modloading-worker-0/INFO] - cosmopolitan: 1.0.5
[09:30:58] [modloading-worker-0/INFO] - cosmos: 0.0.7.3
[09:30:58] [modloading-worker-0/INFO] - crash_assistant: 1.9.15
[09:30:58] [modloading-worker-0/INFO] - create: 0.5.1.j
[09:30:58] [modloading-worker-0/INFO] - createdieselgenerators: 1.20.1-1.2i
[09:30:58] [modloading-worker-0/INFO] - creativecore: 2.12.32
[09:30:58] [modloading-worker-0/INFO] - critter_lib: 0.1-beta.14
[09:30:58] [modloading-worker-0/INFO] - crowdin_translate: 1.41.19.3
[09:30:58] [modloading-worker-0/INFO] - cubes_without_borders: 3.0.0+mc1.20
[09:30:58] [modloading-worker-0/INFO] - cullleaves: 3.2.0
[09:30:58] [modloading-worker-0/INFO] - curios: 5.14.1+1.20.1
[09:30:58] [modloading-worker-0/INFO] - customportalapi: 0.0.1-beta65-1.20
[09:30:58] [modloading-worker-0/INFO] - cyanide: 4.1.1
[09:30:58] [modloading-worker-0/INFO] - darkness: 1.0.1
[09:30:58] [modloading-worker-0/INFO] - debugify: 1.20.12.0
[09:30:58] [modloading-worker-0/INFO] - deeper_oceans: 2.0.0
[09:30:58] [modloading-worker-0/INFO] - deepnether: 1.0.4
[09:30:58] [modloading-worker-0/INFO] - defaultworldtype: 1.20.1-4.0.4
[09:30:58] [modloading-worker-0/INFO] - dense_flowers: 0.2.1mc1.20.1
[09:30:58] [modloading-worker-0/INFO] - diet: 2.1.1+1.20.1
[09:30:58] [modloading-worker-0/INFO] - dimdoors: 5.4.4
[09:30:58] [modloading-worker-0/INFO] - do_a_barrel_roll: 3.5.6+1.20.1
[09:30:58] [modloading-worker-0/INFO] - dolt_mod_how: 2.4.1
[09:30:58] [modloading-worker-0/INFO] - domesticationinnovation: 1.7.1
[09:30:58] [modloading-worker-0/INFO] - doom_and_gloom: 1.1.1
[09:30:58] [modloading-worker-0/INFO] - drippyloadingscreen: 3.0.12
[09:30:58] [modloading-worker-0/INFO] - dungeonnowloading: 2.0
[09:30:58] [modloading-worker-0/INFO] - dungeonsdelight: 1.2.6
[09:30:58] [modloading-worker-0/INFO] - dynamic_fps: 3.9.5
[09:30:58] [modloading-worker-0/INFO] - dynamiccrosshair: 9.8
[09:30:58] [modloading-worker-0/INFO] - dynamiccrosshairapi: 1.2
[09:30:58] [modloading-worker-0/INFO] - e4mc_minecraft: 5.4.1
[09:30:58] [modloading-worker-0/INFO] - easyanvils: 8.0.2
[09:30:58] [modloading-worker-0/INFO] - eclipticseasons: 0.12.0-pre-3-1
[09:30:58] [modloading-worker-0/INFO] - eclipticseasons_multimodpatch: 0.10.1
[09:30:58] [modloading-worker-0/INFO] - eidolon: 0.3.9.0
[09:30:58] [modloading-worker-0/INFO] - elysium_api: 1.1.3
[09:30:58] [modloading-worker-0/INFO] - embeddium: 0.3.31+mc1.20.1
[09:30:58] [modloading-worker-0/INFO] - enchancement: 1.20-26
[09:30:58] [modloading-worker-0/INFO] - endergetic: 5.0.1
[09:30:58] [modloading-worker-0/INFO] - endrem: 5.3.3-R-1.20.1
[09:30:58] [modloading-worker-0/INFO] - enhanced_mushrooms: 5.0.0
[09:30:58] [modloading-worker-0/INFO] - enlightened_end: 5.0.14
[09:30:58] [modloading-worker-0/INFO] - entity_model_features: 2.4.1
[09:30:58] [modloading-worker-0/INFO] - entity_texture_features: 6.2.9
[09:30:58] [modloading-worker-0/INFO] - entityculling: 1.8.2
[09:30:58] [modloading-worker-0/INFO] - environmental: 4.1.0
[09:30:58] [modloading-worker-0/INFO] - etcetera: 1.20.1-1.1.3
[09:30:58] [modloading-worker-0/INFO] - etched: 3.0.4
[09:30:58] [modloading-worker-0/INFO] - euphonium: 1.0.31.20
[09:30:58] [modloading-worker-0/INFO] - everycomp: 1.20-2.7.19
[09:30:58] [modloading-worker-0/INFO] - everycompat_just_enough_wood: 1.0.1
[09:30:58] [modloading-worker-0/INFO] - explosiveenhancement: 1.2.1-1.20.x
[09:30:58] [modloading-worker-0/INFO] - exposure: 1.7.16
[09:30:58] [modloading-worker-0/INFO] - exquisito: 2.5.3
[09:30:58] [modloading-worker-0/INFO] - extra_compat: 1.5.25
[09:30:58] [modloading-worker-0/INFO] - extraalchemy: 1.10.0
[09:30:58] [modloading-worker-0/INFO] - fabric_api: 0.92.6+1.11.14+1.20.1
[09:30:58] [modloading-worker-0/INFO] - fabric_api_base: 0.4.32+ef105b4977
[09:30:58] [modloading-worker-0/INFO] - fabric_api_lookup_api_v1: 1.6.37+67f9824077
[09:30:58] [modloading-worker-0/INFO] - fabric_biome_api_v1: 13.0.14+dc36698e77
[09:30:58] [modloading-worker-0/INFO] - fabric_block_api_v1: 1.0.12+0e6cb7f777
[09:30:58] [modloading-worker-0/INFO] - fabric_block_view_api_v2: 1.0.3+53347ba977
[09:30:58] [modloading-worker-0/INFO] - fabric_blockrenderlayer_v1: 1.1.42+1d0da21e77
[09:30:58] [modloading-worker-0/INFO] - fabric_client_tags_api_v1: 1.1.3+5d6761b877
[09:30:58] [modloading-worker-0/INFO] - fabric_command_api_v1: 1.2.35+f71b366f77
[09:30:58] [modloading-worker-0/INFO] - fabric_command_api_v2: 2.2.14+561530ec77
[09:30:58] [modloading-worker-0/INFO] - fabric_content_registries_v0: 4.0.13+a670df1e77
[09:30:58] [modloading-worker-0/INFO] - fabric_convention_tags_v1: 1.5.6+fa3d1c0177
[09:30:58] [modloading-worker-0/INFO] - fabric_data_attachment_api_v1: 1.0.2+30ef839e77
[09:30:58] [modloading-worker-0/INFO] - fabric_data_generation_api_v1: 12.3.7+369cb3a477
[09:30:58] [modloading-worker-0/INFO] - fabric_dimensions_v1: 2.1.55+8005d10d77
[09:30:58] [modloading-worker-0/INFO] - fabric_entity_events_v1: 1.6.1+4ca7515277
[09:30:58] [modloading-worker-0/INFO] - fabric_events_interaction_v0: 0.6.5+0f26153f77
[09:30:58] [modloading-worker-0/INFO] - fabric_game_rule_api_v1: 1.0.41+683d4da877
[09:30:58] [modloading-worker-0/INFO] - fabric_item_api_v1: 2.1.29+4d0bbcfa77
[09:30:58] [modloading-worker-0/INFO] - fabric_item_group_api_v1: 4.0.14+c9161c2d77
[09:30:58] [modloading-worker-0/INFO] - fabric_key_binding_api_v1: 1.0.38+561530ec77
[09:30:58] [modloading-worker-0/INFO] - fabric_language_kotlin: 1.11.0kotlin.2.0.0
[09:30:58] [modloading-worker-0/INFO] - fabric_lifecycle_events_v1: 2.2.23+afab492177
[09:30:58] [modloading-worker-0/INFO] - fabric_loot_api_v2: 1.2.3+eb28f93e77
[09:30:58] [modloading-worker-0/INFO] - fabric_message_api_v1: 5.1.10+52cc178c77
[09:30:58] [modloading-worker-0/INFO] - fabric_mining_level_api_v1: 2.1.52+561530ec77
[09:30:58] [modloading-worker-0/INFO] - fabric_model_loading_api_v1: 1.0.4+6274ab9d77
[09:30:58] [modloading-worker-0/INFO] - fabric_models_v0: 0.4.3+7c3892a477
[09:30:58] [modloading-worker-0/INFO] - fabric_networking_api_v1: 1.3.14+fb7c822677
[09:30:58] [modloading-worker-0/INFO] - fabric_object_builder_api_v1: 11.1.5+f8c414ce77
[09:30:58] [modloading-worker-0/INFO] - fabric_particles_v1: 1.1.3+78e1ecb877
[09:30:58] [modloading-worker-0/INFO] - fabric_recipe_api_v1: 1.0.24+514a076577
[09:30:58] [modloading-worker-0/INFO] - fabric_registry_sync_v0: 2.3.6+1c0ea72177
[09:30:58] [modloading-worker-0/INFO] - fabric_renderer_api_v1: 3.2.2+cf68abbe77
[09:30:58] [modloading-worker-0/INFO] - fabric_renderer_indigo: 1.5.3+b5b2da4177
[09:30:58] [modloading-worker-0/INFO] - fabric_rendering_data_attachment_v1: 0.3.39+a6081afc77
[09:30:58] [modloading-worker-0/INFO] - fabric_rendering_fluids_v1: 3.0.29+4ac5e37a77
[09:30:58] [modloading-worker-0/INFO] - fabric_rendering_v1: 3.0.9+66e9a48f77
[09:30:58] [modloading-worker-0/INFO] - fabric_resource_conditions_api_v1: 2.3.9+996d00b277
[09:30:58] [modloading-worker-0/INFO] - fabric_resource_loader_v0: 0.11.12+4b4151c077
[09:30:58] [modloading-worker-0/INFO] - fabric_screen_api_v1: 2.0.9+45a670a577
[09:30:58] [modloading-worker-0/INFO] - fabric_screen_handler_api_v1: 1.3.33+561530ec77
[09:30:58] [modloading-worker-0/INFO] - fabric_simplelibs: 2.0.0
[09:30:58] [modloading-worker-0/INFO] - fabric_sound_api_v1: 1.0.14+4f23bd8477
[09:30:58] [modloading-worker-0/INFO] - fabric_transfer_api_v1: 3.3.6+631c9cd677
[09:30:58] [modloading-worker-0/INFO] - fabric_transitive_access_wideners_v1: 4.3.2+1880499877
[09:30:58] [modloading-worker-0/INFO] - fancymenu: 3.7.0
[09:30:58] [modloading-worker-0/INFO] - farmers_structures: 1.0.0
[09:30:58] [modloading-worker-0/INFO] - farmersdelight: 1.20.1-1.2.9
[09:30:58] [modloading-worker-0/INFO] - farmersrespite: 1.20.1-2.1
[09:30:58] [modloading-worker-0/INFO] - fastbench: 8.0.4
[09:30:58] [modloading-worker-0/INFO] - faster_random: 5.1.0
[09:30:58] [modloading-worker-0/INFO] - fastfurnace: 8.0.2
[09:30:58] [modloading-worker-0/INFO] - fastquit: 3.0.01.20
[09:30:58] [modloading-worker-0/INFO] - fastsuite: 5.1.0
[09:30:58] [modloading-worker-0/INFO] - ferritecore: 6.0.1
[09:30:58] [modloading-worker-0/INFO] - flywheel: 0.6.11-13
[09:30:58] [modloading-worker-0/INFO] - foglooksmodernnow: 1.2.1
[09:30:58] [modloading-worker-0/INFO] - folk_sisby_kaleido_config: 0.3.11.3.2
[09:30:58] [modloading-worker-0/INFO] - foragersinsight: 1.0.0
[09:30:58] [modloading-worker-0/INFO] - forge: 47.4.8
[09:30:58] [modloading-worker-0/INFO] - forgeconfigapiport: 8.0.0
[09:30:58] [modloading-worker-0/INFO] - forgeconfigscreens: 8.0.2
[09:30:58] [modloading-worker-0/INFO] - frame_changer: 2.0.2
[09:30:58] [modloading-worker-0/INFO] - framework: 0.7.6
[09:30:58] [modloading-worker-0/INFO] - fzzy_config: 0.7.2+1.20.1+forge
[09:30:58] [modloading-worker-0/INFO] - galena_hats: 1.20.1-1.2.1
[09:30:58] [modloading-worker-0/INFO] - gallery: 1.0.3
[09:30:58] [modloading-worker-0/INFO] - galosphere: 1.20.1-1.4.1
[09:30:58] [modloading-worker-0/INFO] - galospheric_delight: 5.42
[09:30:58] [modloading-worker-0/INFO] - gardens_of_the_dead: 4.0.1
[09:30:58] [modloading-worker-0/INFO] - geckolib: 4.7.4
[09:30:58] [modloading-worker-0/INFO] - global_server_config: 1.0
[09:30:58] [modloading-worker-0/INFO] - glow: 1.2.0
[09:30:58] [modloading-worker-0/INFO] - habitat: 1.3.1
[09:30:58] [modloading-worker-0/INFO] - hardcorerevival: 12.0.8
[09:30:58] [modloading-worker-0/INFO] - hardernaturalhealing: 46.1.14
[09:30:58] [modloading-worker-0/INFO] - hauntedharvest: 1.20-3.2.0
[09:30:58] [modloading-worker-0/INFO] - healpgood: 1.4.1F
[09:30:58] [modloading-worker-0/INFO] - heart_crystals: 2.1.0
[09:30:58] [modloading-worker-0/INFO] - hearthandharvest: 1.0.12
[09:30:58] [modloading-worker-0/INFO] - heartstone: 1.20-1.3.0
[09:30:58] [modloading-worker-0/INFO] - hexlands: 5.0.0
[09:30:58] [modloading-worker-0/INFO] - holdmyitems: 2.0
[09:30:58] [modloading-worker-0/INFO] - hourglass: 1.2.1.1
[09:30:58] [modloading-worker-0/INFO] - idas: 1.10.3+1.20.1
[09:30:58] [modloading-worker-0/INFO] - immersive_aircraft: 1.3.3+1.20.1
[09:30:58] [modloading-worker-0/INFO] - immersive_hotbar: 1.0.4-1.20-1.20.4
[09:30:58] [modloading-worker-0/INFO] - immersive_melodies: 0.6.0+1.20.1
[09:30:58] [modloading-worker-0/INFO] - immersive_optimization: 0.0.4
[09:30:58] [modloading-worker-0/INFO] - immersive_weathering: 1.20.1-2.0.5
[09:30:58] [modloading-worker-0/INFO] - immersiveui: 0.3.0
[09:30:58] [modloading-worker-0/INFO] - incubation: 4.0.4
[09:30:58] [modloading-worker-0/INFO] - integrated_api: 1.5.1+1.20.1-forge
[09:30:58] [modloading-worker-0/INFO] - integrated_stronghold: 1.1.1+1.20.1-forge
[09:30:58] [modloading-worker-0/INFO] - integrated_villages: 1.1.4+1.20.1-forge
[09:30:58] [modloading-worker-0/INFO] - io_gitlab_jfronny_muscript: 1.4-SNAPSHOT
[09:30:58] [modloading-worker-0/INFO] - item_descriptions: 2.5.1+1.20.1
[09:30:58] [modloading-worker-0/INFO] - item_obliterator: 2.3.0
[09:30:58] [modloading-worker-0/INFO] - jade: 11.13.2+forge
[09:30:58] [modloading-worker-0/INFO] - jeed: 1.20-2.2.5
[09:30:58] [modloading-worker-0/INFO] - jei: 15.9999
[09:30:58] [modloading-worker-0/INFO] - kiwi: 11.9.2+forge
[09:30:58] [modloading-worker-0/INFO] - konkrete: 1.8.0
[09:30:58] [modloading-worker-0/INFO] - kotlinforforge: 4.11.0
[09:30:58] [modloading-worker-0/INFO] - kubejs: 2001.6.5-build.16
[09:30:58] [modloading-worker-0/INFO] - kuma_api: 20.1.10
[09:30:58] [modloading-worker-0/INFO] - languagereload: 1.5.101.20.1
[09:30:58] [modloading-worker-0/INFO] - largemeals: 1.20.1-1.3.0
[09:30:58] [modloading-worker-0/INFO] - lazyyyyy: 0.14.17
[09:30:58] [modloading-worker-0/INFO] - lexiconfig: 1.4.18-1
[09:30:58] [modloading-worker-0/INFO] - libbamboo: 2.16
[09:30:58] [modloading-worker-0/INFO] - libjf: 3.12.5
[09:30:58] [modloading-worker-0/INFO] - libjf_base: 3.12.5
[09:30:58] [modloading-worker-0/INFO] - libjf_config_commands_v1: 3.12.5
[09:30:58] [modloading-worker-0/INFO] - libjf_config_core_v1: 3.12.5
[09:30:58] [modloading-worker-0/INFO] - libjf_config_reflect_v1: 3.12.5
[09:30:58] [modloading-worker-0/INFO] - libjf_config_ui_tiny_v1: 3.12.5
[09:30:58] [modloading-worker-0/INFO] - libjf_data_manipulation_v0: 3.12.5
[09:30:58] [modloading-worker-0/INFO] - libjf_data_v0: 3.12.5
[09:30:58] [modloading-worker-0/INFO] - libjf_translate_v1: 3.12.5
[09:30:58] [modloading-worker-0/INFO] - libjf_unsafe_v0: 3.12.5
[09:30:58] [modloading-worker-0/INFO] - libjf_web_v0: 3.12.5
[09:30:58] [modloading-worker-0/INFO] - lithostitched: 1.4.11
[09:30:58] [modloading-worker-0/INFO] - lmft: 1.0.4+1.20.1
[09:30:58] [modloading-worker-0/INFO] - lootr: 0.7.35.92
[09:30:58] [modloading-worker-0/INFO] - maelstrom_library: 1.6.1-1.20
[09:30:58] [modloading-worker-0/INFO] - man_of_many_planes: 0.2.0+1.20.1
[09:30:58] [modloading-worker-0/INFO] - material_beacons: 1.0.11.20.1
[09:30:58] [modloading-worker-0/INFO] - melody: 1.0.2
[09:30:58] [modloading-worker-0/INFO] - memoryleakfix: 1.1.5
[09:30:58] [modloading-worker-0/INFO] - midnightlib: 1.4.2
[09:30:58] [modloading-worker-0/INFO] - mindful_eating: 1.1.0
[09:30:58] [modloading-worker-0/INFO] - minecraft: 1.20.1
[09:30:58] [modloading-worker-0/INFO] - minecraft_cursor: 3.10.0+1.20.1
[09:30:58] [modloading-worker-0/INFO] - miners_delight: 1.20.1-1.2.3
[09:30:58] [modloading-worker-0/INFO] - miningmaster: 4.1.3
[09:30:58] [modloading-worker-0/INFO] - mixinsquared: 0.3.2-beta.4
[09:30:58] [modloading-worker-0/INFO] - mm: 2.3
[09:30:58] [modloading-worker-0/INFO] - mob_ai_tweaks: 1.8.3
[09:30:58] [modloading-worker-0/INFO] - modelfix: 1.15
[09:30:58] [modloading-worker-0/INFO] - moderately_enough_effect_desc: 3.3.0
[09:30:58] [modloading-worker-0/INFO] - modernfix: 5.24.4+mc1.20.1
[09:30:58] [modloading-worker-0/INFO] - modify_drops_api: 0.5.1.1
[09:30:58] [modloading-worker-0/INFO] - modmenu: 7.2.2
[09:30:58] [modloading-worker-0/INFO] - molten_metals: 1.20.1-0.1.4
[09:30:58] [modloading-worker-0/INFO] - moonlight: 1.20-2.16.8
[09:30:58] [modloading-worker-0/INFO] - mosaic_cosmetics: 1.0.0
[09:30:58] [modloading-worker-0/INFO] - mostructures: 1.4.51.20.1
[09:30:58] [modloading-worker-0/INFO] - mousetweaks: 2.25.1
[09:30:58] [modloading-worker-0/INFO] - mowziesmobs: 1.7.3
[09:30:58] [modloading-worker-0/INFO] - moyai: 1.20-2.0.2
[09:30:58] [modloading-worker-0/INFO] - mr_dungeons_andtaverns: 3.0.3.f
[09:30:58] [modloading-worker-0/INFO] - mr_tidal_towns: 1.3.4
[09:30:58] [modloading-worker-0/INFO] - mru: 1.0.4+1.20.1+forge
[09:30:58] [modloading-worker-0/INFO] - multikulti_core: 1.20.1-1.1.2
[09:30:58] [modloading-worker-0/INFO] - multikulti_datagen_fixes: 1.20.1-1.1.2
[09:30:58] [modloading-worker-0/INFO] - multikulti_registrate: 1.20.1-1.1.2
[09:30:58] [modloading-worker-0/INFO] - multipart_entities: 1.5-1.20
[09:30:58] [modloading-worker-0/INFO] - mynethersdelight: 1.20.1-1.7.5
[09:30:58] [modloading-worker-0/INFO] - mysticaloaktree: 1.20-1.11
[09:30:58] [modloading-worker-0/INFO] - natures_spirit: 2.2.5-1.20.1
[09:30:58] [modloading-worker-0/INFO] - naturescompass: 1.20.1-1.11.2-forge
[09:30:58] [modloading-worker-0/INFO] - neapolitan: 5.1.0
[09:30:58] [modloading-worker-0/INFO] - nebs: 2.0.3
[09:30:58] [modloading-worker-0/INFO] - necronomicon: 1.6.0
[09:30:58] [modloading-worker-0/INFO] - nerb: 0.4.1
[09:30:58] [modloading-worker-0/INFO] - netherexp: 2.3.5
[09:30:58] [modloading-worker-0/INFO] - netherportalspread: 8.4
[09:30:58] [modloading-worker-0/INFO] - nirvana: 1.2.1
[09:30:58] [modloading-worker-0/INFO] - noisium: 2.3.0+mc1.20-1.20.1
[09:30:58] [modloading-worker-0/INFO] - notenoughanimations: 1.10.2
[09:30:58] [modloading-worker-0/INFO] - obscure_api: 15
[09:30:58] [modloading-worker-0/INFO] - obscure_api_modification: 1.0.3
[09:30:58] [modloading-worker-0/INFO] - obscure_tooltips: 2.2
[09:30:58] [modloading-worker-0/INFO] - obscure_tooltips_fix: 1.3.0
[09:30:58] [modloading-worker-0/INFO] - obsidianui: 0.2.3+mc1.20.1
[09:30:58] [modloading-worker-0/INFO] - octolib: 0.5.0.1
[09:30:58] [modloading-worker-0/INFO] - oculus: 1.8.0
[09:30:58] [modloading-worker-0/INFO] - oelib: 0.0.2
[09:30:58] [modloading-worker-0/INFO] - ohmymeteors: 0.3.01.20.1
[09:30:58] [modloading-worker-0/INFO] - omega_config: 1.4.11.20.1
[09:30:58] [modloading-worker-0/INFO] - oneenoughitem: 1.0.3_hotfix
[09:30:58] [modloading-worker-0/INFO] - onion_onion: 2.0.4
[09:30:58] [modloading-worker-0/INFO] - opalescence: 1.0.3
[09:30:58] [modloading-worker-0/INFO] - oreganized: 4.2.3
[09:30:58] [modloading-worker-0/INFO] - oreganized_carcinogenius: 4.1.0
[09:30:58] [modloading-worker-0/INFO] - org_jetbrains_kotlin_kotlin_reflect: 2.0.0
[09:30:58] [modloading-worker-0/INFO] - org_jetbrains_kotlin_kotlin_stdlib: 2.0.0
[09:30:58] [modloading-worker-0/INFO] - org_jetbrains_kotlin_kotlin_stdlib_jdk7: 2.0.0
[09:30:58] [modloading-worker-0/INFO] - org_jetbrains_kotlin_kotlin_stdlib_jdk8: 2.0.0
[09:30:58] [modloading-worker-0/INFO] - org_jetbrains_kotlinx_atomicfu_jvm: 0.24.0
[09:30:58] [modloading-worker-0/INFO] - org_jetbrains_kotlinx_kotlinx_coroutines_core_jvm: 1.8.1
[09:30:58] [modloading-worker-0/INFO] - org_jetbrains_kotlinx_kotlinx_coroutines_jdk8: 1.8.1
[09:30:58] [modloading-worker-0/INFO] - org_jetbrains_kotlinx_kotlinx_datetime_jvm: 0.6.0
[09:30:58] [modloading-worker-0/INFO] - org_jetbrains_kotlinx_kotlinx_serialization_cbor_jvm: 1.6.3
[09:30:58] [modloading-worker-0/INFO] - org_jetbrains_kotlinx_kotlinx_serialization_core_jvm: 1.6.3
[09:30:58] [modloading-worker-0/INFO] - org_jetbrains_kotlinx_kotlinx_serialization_json_jvm: 1.6.3
[09:30:58] [modloading-worker-0/INFO] - out_of_sight: 1.20.1-1.0.3
[09:30:58] [modloading-worker-0/INFO] - owo: 0.11.21.20
[09:30:58] [modloading-worker-0/INFO] - packetfixer: 3.3.0
[09:30:58] [modloading-worker-0/INFO] - paradise_lost: 2.2.4-beta1.20.0
[09:30:58] [modloading-worker-0/INFO] - particle_core: 0.2.6+1.20.1+forge
[09:30:58] [modloading-worker-0/INFO] - particleanimationlib: 0.1.2
[09:30:58] [modloading-worker-0/INFO] - particlerain: 4.0.0-alpha.3+1.20.1-forge
[09:30:58] [modloading-worker-0/INFO] - passablefoliage: 8.2.1
[09:30:58] [modloading-worker-0/INFO] - patchouli: 1.20.1-84.1-FORGE
[09:30:58] [modloading-worker-0/INFO] - paxi: 1.20-Forge-4.0
[09:30:58] [modloading-worker-0/INFO] - peculiars: 1.20.1-5.0.0
[09:30:58] [modloading-worker-0/INFO] - personality: 4.1.0
[09:30:58] [modloading-worker-0/INFO] - perspective: 1.2.0-alpha.2
[09:30:58] [modloading-worker-0/INFO] - pet_cemetery: 2.0.0
[09:30:58] [modloading-worker-0/INFO] - placebo: 8.6.3
[09:30:58] [modloading-worker-0/INFO] - platform: 1.2.10.1
[09:30:58] [modloading-worker-0/INFO] - playeranimator: 1.0.2-rc1+1.20
[09:30:58] [modloading-worker-0/INFO] - playeranimatorapi: 2.1.7
[09:30:58] [modloading-worker-0/INFO] - polymorph: 0.49.10+1.20.1
[09:30:58] [modloading-worker-0/INFO] - polytone: 1.20-3.5.5
[09:30:58] [modloading-worker-0/INFO] - portfolio: 1.20.1-1.4.0-forge
[09:30:58] [modloading-worker-0/INFO] - poscendo: 1.20.1-1.1.0
[09:30:58] [modloading-worker-0/INFO] - potionparticlepack: 1.0.1
[09:30:58] [modloading-worker-0/INFO] - prism: 1.0.5
[09:30:58] [modloading-worker-0/INFO] - puzzlesaccessapi: 20.1.1
[09:30:58] [modloading-worker-0/INFO] - puzzleslib: 8.1.33
[09:30:58] [modloading-worker-0/INFO] - quark: 4.0-462
[09:30:58] [modloading-worker-0/INFO] - radium: 0.12.4+git.26c9d8e
[09:30:58] [modloading-worker-0/INFO] - rainbowoaks: 1.0.0
[09:30:58] [modloading-worker-0/INFO] - raised: 5.0.1
[09:30:58] [modloading-worker-0/INFO] - random_mob_sizes: 1.20.1-2.2.3
[09:30:58] [modloading-worker-0/INFO] - raspberry: 1.7+1.20.1
[09:30:58] [modloading-worker-0/INFO] - reach_entity_attributes: 2.4.0
[09:30:58] [modloading-worker-0/INFO] - realmrpg_skeletons: 1.1.0
[09:30:58] [modloading-worker-0/INFO] - rei_plugin_compatibilities: 12.0.93
[09:30:58] [modloading-worker-0/INFO] - resourcefulconfig: 2.1.3
[09:30:58] [modloading-worker-0/INFO] - resourcefullib: 2.1.29
[09:30:58] [modloading-worker-0/INFO] - resourcepackoverrides: 8.0.3
[09:30:58] [modloading-worker-0/INFO] - respackopts: 4.6.2
[09:30:58] [modloading-worker-0/INFO] - respiteful: 1.2.1
[09:30:58] [modloading-worker-0/INFO] - rhino: 2001.2.3-build.10
[09:30:58] [modloading-worker-0/INFO] - ribbits: 1.20.1-Forge-3.0.4
[09:30:58] [modloading-worker-0/INFO] - rottencreatures: 1.1.0
[09:30:58] [modloading-worker-0/INFO] - roughlyenoughitems: 12.1.785
[09:30:58] [modloading-worker-0/INFO] - rubidium: 0.7.1
[09:30:58] [modloading-worker-0/INFO] - rubinated_nether: 1.3.0.E-1.20.1
[09:30:58] [modloading-worker-0/INFO] - runiclib: 4.3.5
[09:30:58] [modloading-worker-0/INFO] - ryoamiclights: 0.2.3+mc1.20.1
[09:30:58] [modloading-worker-0/INFO] - salt: 1.2.6
[09:30:58] [modloading-worker-0/INFO] - salwayseat: 5.2
[09:30:58] [modloading-worker-0/INFO] - sapience: 1.20.1-1.0.0
[09:30:58] [modloading-worker-0/INFO] - satin: 1.20.1+1.15.0-SNAPSHOT
[09:30:58] [modloading-worker-0/INFO] - savage_and_ravage: 6.0.0
[09:30:58] [modloading-worker-0/INFO] - sawmill: 1.20-1.4.10
[09:30:58] [modloading-worker-0/INFO] - screenshot_viewer: 1.3.2-forge-mc1.20.1
[09:30:58] [modloading-worker-0/INFO] - scriptor: 1.2.6-1.20.1
[09:30:58] [modloading-worker-0/INFO] - seamless_loading_screen: 2.0.3+1.20.1
[09:30:58] [modloading-worker-0/INFO] - seasonals: 1.20.1-5.0.2
[09:30:58] [modloading-worker-0/INFO] - secondchanceforge: 1.5.1
[09:30:58] [modloading-worker-0/INFO] - sherdsapi: 4.0.4
[09:30:58] [modloading-worker-0/INFO] - shortstacks: 1.2.1
[09:30:58] [modloading-worker-0/INFO] - shutter: 2.2.0-1.20.1
[09:30:58] [modloading-worker-0/INFO] - simpleradio: 3.4.6
[09:30:58] [modloading-worker-0/INFO] - skyvillages: 1.0.3
[09:30:58] [modloading-worker-0/INFO] - sleep_tight: 1.20-1.4.5
[09:30:58] [modloading-worker-0/INFO] - smoothscroll: 2.2.3.1
[09:30:58] [modloading-worker-0/INFO] - smoothskies: 1.1.0
[09:30:58] [modloading-worker-0/INFO] - smoothswapping: 0.9.3.1
[09:30:58] [modloading-worker-0/INFO] - smsn: 1.2.10-1.20.1
[09:30:58] [modloading-worker-0/INFO] - sortilege: 1.7.2
[09:30:58] [modloading-worker-0/INFO] - soul_fire_d: 4.0.11
[09:30:58] [modloading-worker-0/INFO] - soulfulnether: 1.0.0
[09:30:58] [modloading-worker-0/INFO] - sound_physics_remastered: 1.20.1-1.4.15
[09:30:58] [modloading-worker-0/INFO] - sounds: 2.2.1+1.20.1+forge
[09:30:58] [modloading-worker-0/INFO] - souper_secret_settings: 1.0.9-mc1.20
[09:30:58] [modloading-worker-0/INFO] - spark: 1.10.53
[09:30:58] [modloading-worker-0/INFO] - spawn: 2.2
[09:30:58] [modloading-worker-0/INFO] - spawnbalanceutility: 46.13.5
[09:30:58] [modloading-worker-0/INFO] - species: 3.5
[09:30:58] [modloading-worker-0/INFO] - spectrelib: 0.13.17+1.20.1
[09:30:58] [modloading-worker-0/INFO] - spellbound: 1.20.3
[09:30:58] [modloading-worker-0/INFO] - spelunkery: 1.20.1-0.3.16
[09:30:58] [modloading-worker-0/INFO] - spelunking_master: 1.20.1-0.3.0
[09:30:58] [modloading-worker-0/INFO] - spritearrows: 1.0.3
[09:30:58] [modloading-worker-0/INFO] - statement: 4.2.7+1.20.1-forge
[09:30:58] [modloading-worker-0/INFO] - step_height_entity_attribute: 1.2.0
[09:30:58] [modloading-worker-0/INFO] - stonycliffs: 1.1.2
[09:30:58] [modloading-worker-0/INFO] - structure_gel: 2.16.2
[09:30:58] [modloading-worker-0/INFO] - structureplacerapi: 1.1.4
[09:30:58] [modloading-worker-0/INFO] - stylisheffects: 8.0.2
[09:30:58] [modloading-worker-0/INFO] - subtle_effects: 1.12.1
[09:30:58] [modloading-worker-0/INFO] - sullysmod: 3.2.1-beta
[09:30:58] [modloading-worker-0/INFO] - supplementaries: 1.20-3.1.18
[09:30:58] [modloading-worker-0/INFO] - surveyor: 0.6.261.20
[09:30:58] [modloading-worker-0/INFO] - surveystones: 1.3.11.20
[09:30:58] [modloading-worker-0/INFO] - symbol_chat: 1.20.1-1.1.2
[09:30:58] [modloading-worker-0/INFO] - tanshugetrees: 1.5.2
[09:30:58] [modloading-worker-0/INFO] - tellme: 0.9.1
[09:30:58] [modloading-worker-0/INFO] - temporalapi: 1.6.6
[09:30:58] [modloading-worker-0/INFO] - terrablender: 3.0.1.10
[09:30:58] [modloading-worker-0/INFO] - terraform_wood_api_v1: 7.0.1
[09:30:58] [modloading-worker-0/INFO] - thigh_highs_etc: 1.0.4
[09:30:58] [modloading-worker-0/INFO] - tipsmod: 12.1.8
[09:30:58] [modloading-worker-0/INFO] - transition: 1.0.4
[09:30:58] [modloading-worker-0/INFO] - transmog: 1.3.0+1.20
[09:30:58] [modloading-worker-0/INFO] - trender: 1.0.6
[09:30:58] [modloading-worker-0/INFO] - trials: 2.3.3
[09:30:58] [modloading-worker-0/INFO] - twigs: 1.20.1-3.1.1
[09:30:58] [modloading-worker-0/INFO] - undergarden: 0.8.14
[09:30:58] [modloading-worker-0/INFO] - undergardendelight: 1.1.2
[09:30:58] [modloading-worker-0/INFO] - upgrade_aquatic: 6.0.3
[09:30:58] [modloading-worker-0/INFO] - valkyrienskies: 2.3.0-beta.9
[09:30:58] [modloading-worker-0/INFO] - vanillabackport: 1.1.4.3
[09:30:58] [modloading-worker-0/INFO] - visual_keybinder: 1.20.1 - 0.1.5
[09:30:58] [modloading-worker-0/INFO] - visuality: 2.0.2
[09:30:58] [modloading-worker-0/INFO] - visualworkbench: 8.0.1
[09:30:58] [modloading-worker-0/INFO] - voicechat: 1.20.1-2.6.2
[09:30:58] [modloading-worker-0/INFO] - voicechat_api: 2.6.0
[09:30:58] [modloading-worker-0/INFO] - vs_eureka: 1.5.1-beta.3
[09:30:58] [modloading-worker-0/INFO] - vsch: 1.3.3
[09:30:58] [modloading-worker-0/INFO] - wakes: 1.0.5
[09:30:58] [modloading-worker-0/INFO] - wan_ancient_beasts: 1.3.1
[09:30:58] [modloading-worker-0/INFO] - waves: 1.5.1
[09:30:58] [modloading-worker-0/INFO] - waystones: 14.1.17
[09:30:58] [modloading-worker-0/INFO] - welcomescreen: 1.0.0
[09:30:58] [modloading-worker-0/INFO] - whiffowisp: 1.0.5
[09:30:58] [modloading-worker-0/INFO] - windswept: 3.0.0
[09:30:58] [modloading-worker-0/INFO] - woodworks: 3.0.2
[09:30:58] [modloading-worker-0/INFO] - worldplaytime: 1.2.3
[09:30:58] [modloading-worker-0/INFO] - yaf: 1.0pre3
[09:30:58] [modloading-worker-0/INFO] - yet_another_config_lib_v3: 3.6.6+1.20.1-forge
[09:30:58] [modloading-worker-0/INFO] - youwereslain: 1.0.0-1.20.x
[09:30:58] [modloading-worker-0/INFO] - yungsapi: 1.20-Forge-4.0.6
[09:30:58] [modloading-worker-0/INFO] - yungscavebiomes: 1.20.1-Forge-2.0.5
[09:30:58] [modloading-worker-0/INFO] - zapscompat_bb: 1.0
[09:30:58] [modloading-worker-0/INFO] - zeta: 1.0-30
[09:30:58] [modloading-worker-0/INFO] - zetter: 0.21.5
[09:30:58] [modloading-worker-0/INFO] - zettergallery: 0.6.0
[09:30:58] [modloading-worker-0/INFO] - zigysmultiloaderutils: 1.3.1
[09:30:58] [modloading-worker-0/INFO] ========================================
[09:30:59] [modloading-worker-0/DEBUG] [REI] Added filtering rule [roughlyenoughitems:search]: INSTANCE
[09:30:59] [modloading-worker-0/DEBUG] [REI] Added filtering rule [roughlyenoughitems:manual]: INSTANCE
[09:30:59] [modloading-worker-0/DEBUG] [REI] Added filtering rule [roughlyenoughitems:basic]: INSTANCE
[09:31:00] [modloading-worker-0/INFO] [REI] Config loaded
[09:31:00] [modloading-worker-0/DEBUG] [REI] Config saved
[09:31:00] [modloading-worker-0/DEBUG] [REI] Config saved
[09:31:02] [modloading-worker-0/DEBUG] [REI] Config saved
[09:31:02] [modloading-worker-0/INFO] [REI] Registered plugin provider OwoReiPlugin [owo] for REIPlugin
[09:31:02] [modloading-worker-0/INFO] [REI] Registered plugin provider FabricFluidAPISupportPlugin for REIServerPlugin
[09:31:02] [modloading-worker-0/INFO] [REI] Registered plugin provider FabricFluidAPISupportPlugin for REIPlugin
[09:31:02] [modloading-worker-0/INFO] [REI] Registered plugin provider ReiIsDumbClientPlugin [ad_astra] for REIPlugin
[09:31:02] [modloading-worker-0/INFO] [REI] Registered plugin provider REI Plugin Compatibilities Client Handler [rei_plugin_compatibilities, jei] for REIPlugin
[09:31:02] [modloading-worker-0/INFO] [REI] Registered plugin provider ForgeStylishEffectsReiPlugin [stylisheffects] for REIPlugin
[09:31:02] [modloading-worker-0/INFO] [REI] Registered plugin provider REICombatForge [immersive_aircraft] for REIPlugin
[09:31:02] [modloading-worker-0/INFO] [REI] Registered plugin provider REIPlugin [jeed] for REIPlugin
[09:31:02] [modloading-worker-0/INFO] [REI] Registered plugin provider REICompat [hauntedharvest] for REIPlugin
[09:31:02] [modloading-worker-0/INFO] [REI] Registered plugin provider TesselatingReiCompatClientForge [dimdoors] for REIPlugin
[09:31:02] [modloading-worker-0/INFO] [REI] Registered plugin provider REIForgePluginStub [kubejs] for REIPlugin
[09:31:02] [modloading-worker-0/INFO] [REI] Registered plugin provider REICompat [supplementaries] for REIPlugin
[09:31:02] [modloading-worker-0/INFO] [REI] Registered plugin provider REI Plugin Compatibilities Adapter [rei_plugin_compatibilities, jei] for REIPlugin
[09:31:02] [modloading-worker-0/INFO] [REI] Registered plugin provider DefaultPluginImpl [roughlyenoughitems] for REIServerPlugin
[09:31:02] [modloading-worker-0/INFO] [REI] Registered plugin provider DefaultPluginImpl [roughlyenoughitems] for REIPlugin
[09:31:02] [modloading-worker-0/INFO] [REI] Registered plugin provider DefaultRuntimePlugin [roughlyenoughitems] for REIServerPlugin
[09:31:02] [modloading-worker-0/INFO] [REI] Registered plugin provider DefaultRuntimePlugin [roughlyenoughitems] for REIPlugin
[09:31:02] [modloading-worker-0/INFO] [REI] Registered plugin provider REI Plugin Compatibilities Adapter [rei_plugin_compatibilities, jei] for REIServerPlugin
[09:31:02] [modloading-worker-0/INFO] [REI] Registered plugin provider OwoReiPlugin [owo] for REIClientPlugin
[09:31:02] [modloading-worker-0/INFO] [REI] Registered plugin provider DefaultClientPluginImpl [roughlyenoughitems] for REIClientPlugin
[09:31:02] [modloading-worker-0/INFO] [REI] Registered plugin provider DefaultClientPluginImpl [roughlyenoughitems] for REIPlugin
[09:31:02] [modloading-worker-0/INFO] [REI] Registered plugin provider DefaultClientRuntimePlugin [roughlyenoughitems] for REIClientPlugin
[09:31:02] [modloading-worker-0/INFO] [REI] Registered plugin provider DefaultClientRuntimePlugin [roughlyenoughitems] for REIPlugin
[09:31:02] [modloading-worker-0/DEBUG] [REI] Added filtering rule [roughlyenoughitems:hidden_from_recipe_viewers]: INSTANCE
[09:31:02] [modloading-worker-0/INFO] [REI] Registered plugin provider HideIngredientsFromTagsPlugin [roughlyenoughitems] for REIClientPlugin
[09:31:02] [modloading-worker-0/INFO] [REI] Registered plugin provider HideIngredientsFromTagsPlugin [roughlyenoughitems] for REIPlugin
[09:31:02] [modloading-worker-0/INFO] [REI] Registered plugin provider ReiIsDumbClientPlugin [ad_astra] for REIClientPlugin
[09:31:02] [modloading-worker-0/INFO] [REI] Registered plugin provider REI Plugin Compatibilities Client Handler [rei_plugin_compatibilities, jei] for REIClientPlugin
[09:31:02] [modloading-worker-0/INFO] [REI] Registered plugin provider ForgeStylishEffectsReiPlugin [stylisheffects] for REIClientPlugin
[09:31:02] [modloading-worker-0/INFO] [REI] Registered plugin provider REICombatForge [immersive_aircraft] for REIClientPlugin
[09:31:02] [modloading-worker-0/INFO] [REI] Registered plugin provider REIPlugin [jeed] for REIClientPlugin
[09:31:02] [modloading-worker-0/INFO] [REI] Registered plugin provider REICompat [hauntedharvest] for REIClientPlugin
[09:31:02] [modloading-worker-0/INFO] [REI] Registered plugin provider TesselatingReiCompatClientForge [dimdoors] for REIClientPlugin
[09:31:02] [modloading-worker-0/INFO] [REI] Registered plugin provider REIForgePluginStub [kubejs] for REIClientPlugin
[09:31:02] [modloading-worker-0/INFO] [REI] Registered plugin provider REICompat [supplementaries] for REIClientPlugin
[09:31:02] [modloading-worker-0/INFO] [REI] Registered plugin provider REI Plugin Compatibilities Adapter [rei_plugin_compatibilities, jei] for REIClientPlugin
